<?xml version="1.0" encoding="UTF-8"?>
<testsuite xmlns:xsi="http://www.w3.org/2001/XMLSchema-instance" xsi:noNamespaceSchemaLocation="https://maven.apache.org/surefire/maven-failsafe-plugin/xsd/failsafe-test-report-3.0.xsd" version="3.0" name="com.alechilles.patchwork.standalone.StandalonePackagingIT" time="0.08" tests="1" errors="0" skipped="0" failures="0">
  <properties>
[...]
</properties>
  <testcase name="packagesAHeadlessRuntimeAndAStandalonePluginArtifact" classname="com.alechilles.patchwork.standalone.StandalonePackagingIT" time="0.059"/>
</testsuite>